<?xml version="1.0" encoding="UTF-8"?>
<!-- Generated by org.testng.reporters.JUnitXMLReporter -->
<testsuite hostname="DESKTOP-9JTRJBE" name="Default test" tests="6" failures="0" timestamp="2 Jun 2021 15:43:03 GMT" time="64.441" errors="0">
  <testcase name="VerifyWithBlankSiteNameEnter" time="8.213" classname="Hybrent3_6_0rc2.Login"/>
  <testcase name="VerifyWithInvalidSiteNameEnter" time="6.242" classname="Hybrent3_6_0rc2.Login"/>
  <testcase name="VerifyWithValidSiteNameEnter" time="6.711" classname="Hybrent3_6_0rc2.Login"/>
  <testcase name="LoginWithBlankCrednetials" time="8.673" classname="Hybrent3_6_0rc2.Login"/>
  <testcase name="LoginWithInvalidCrednetials" time="8.515" classname="Hybrent3_6_0rc2.Login"/>
  <testcase name="LoginWithValidCrednetials" time="12.546" classname="Hybrent3_6_0rc2.Login"/>
</testsuite> <!-- Default test -->
